Build started 03.12.2015 23:43:02.
     1>Project "H:\ \Программирование на C++\Преподователь № 3\ДЗ№1\1. Введение в ООП\4. Деструктор\Sample\Sample.vcxproj" on node 2 (Build target(s)).
     1>ClCompile:
         E:\Visual Studio\VC\bin\CL.exe /c /ZI /nologo /W4 /WX /sdl /Od /Oy- /D WIN32 /D _DEBUG /D _CONSOLE /D _LIB /D _UNICODE /D UNICODE /Gm /EHsc /RTC1 /MDd /GS /fp:precise /Zc:wchar_t /Zc:forScope /Fo"Debug\\" /Fd"Debug\vc120.pdb" /Gd /TP /analyze- /errorReport:prompt Main.cpp
         Main.cpp
     1>h:\ \программирование на c++\преподователь № 3\дз№1\1. введение в ооп\4. деструктор\sample\main.cpp(11): error C3861: 'Show': identifier not found
     1>Done Building Project "H:\ \Программирование на C++\Преподователь № 3\ДЗ№1\1. Введение в ООП\4. Деструктор\Sample\Sample.vcxproj" (Build target(s)) -- FAILED.

Build FAILED.

Time Elapsed 00:00:00.46
