Build started 14.12.2015 21:44:36.
     1>Project "H:\ \Программирование на C++\Преподователь № 3\ДЗ№1\1. Введение в ООП\3. Конструктор по умолчанию\Sample\Sample.vcxproj" on node 2 (Build target(s)).
     1>ClCompile:
         E:\Visual Studio\VC\bin\CL.exe /c /ZI /nologo /W4 /WX /sdl /Od /Oy- /D WIN32 /D _DEBUG /D _CONSOLE /D _LIB /D _UNICODE /D UNICODE /Gm /EHsc /RTC1 /MDd /GS /fp:precise /Zc:wchar_t /Zc:forScope /Fo"Debug\\" /Fd"Debug\vc120.pdb" /Gd /TP /analyze- /errorReport:prompt Main.cpp
         Main.cpp
     1>h:\ \программирование на c++\преподователь № 3\дз№1\1. введение в ооп\3. конструктор по умолчанию\sample\main.cpp(15): error C2220: warning treated as error - no 'object' file generated
     1>h:\ \программирование на c++\преподователь № 3\дз№1\1. введение в ооп\3. конструктор по умолчанию\sample\main.cpp(15): warning C4930: 'Foo b(void)': prototyped function not called (was a variable definition intended?)
     1>Done Building Project "H:\ \Программирование на C++\Преподователь № 3\ДЗ№1\1. Введение в ООП\3. Конструктор по умолчанию\Sample\Sample.vcxproj" (Build target(s)) -- FAILED.

Build FAILED.

Time Elapsed 00:00:00.69
